proguard/seeds.txt
com.google.android.gms.common.internal.DowngradeableSafeParcel
com.google.android.gms.common.internal.GetServiceRequest
com.google.android.gms.common.internal.GetServiceRequest: android.os.Parcelable$Creator CREATOR
com.google.android.gms.common.internal.ResolveAccountRequest
com.google.android.gms.common.internal.ResolveAccountRequest: android.os.Parcelable$Creator CREATOR
com.google.android.gms.common.internal.ResolveAccountResponse
com.google.android.gms.common.internal.ResolveAccountResponse: android.os.Parcelable$Creator CREATOR
com.google.android.gms.common.internal.ValidateAccountRequest
com.google.android.gms.common.internal.ValidateAccountRequest: android.os.Parcelable$Creator CREATOR
com.google.android.gms.common.internal.safeparcel.SafeParcelable
com.google.android.gms.common.internal.zzi: java.lang.String[] zzaav
com.google.android.gms.common.internal.zzi: void zznJ()
com.google.android.gms.common.internal.zzi: void connect(com.google.android.gms.common.api.GoogleApiClient$ConnectionProgressReportCallbacks)
com.google.android.gms.common.internal.zzi: boolean isConnected()
com.google.android.gms.common.internal.zzi: boolean isConnecting()
com.google.android.gms.common.internal.zzi: void disconnect()
com.google.android.gms.common.internal.zzi: void zzbs(int)
com.google.android.gms.common.internal.zzi: android.content.Context getContext()
com.google.android.gms.common.internal.zzi: android.os.Looper getLooper()
com.google.android.gms.common.internal.zzi: android.accounts.Account zznt()
com.google.android.gms.common.internal.zzi: android.os.Bundle zzlM()
com.google.android.gms.common.internal.zzi: android.os.IInterface zznM()
com.google.android.gms.common.internal.zzi: void zza(com.google.android.gms.common.internal.zzi$zzc)
com.google.android.gms.common.internal.zzi: void validateAccount(com.google.android.gms.common.internal.IAccountAccessor)
com.google.android.gms.common.internal.zzi: void getRemoteService(com.google.android.gms.common.internal.IAccountAccessor,java.util.Set)
com.google.android.gms.common.internal.zzi: boolean requiresSignIn()
com.google.android.gms.common.internal.zzi: boolean requiresAccount()
com.google.android.gms.common.server.FavaDiagnosticsEntity
com.google.android.gms.common.server.converter.ConverterWrapper
com.google.android.gms.common.server.converter.StringToIntConverter
com.google.android.gms.common.server.converter.StringToIntConverter$Entry
com.google.android.gms.common.server.response.FastJsonResponse$Field
com.google.android.gms.common.server.response.FastSafeParcelableJsonResponse
com.google.android.gms.common.server.response.FieldMappingDictionary
com.google.android.gms.common.server.response.FieldMappingDictionary$Entry
com.google.android.gms.common.server.response.FieldMappingDictionary$FieldMapPair
com.google.android.gms.common.server.response.SafeParcelResponse
com.google.android.gms.common.stats.ConnectionEvent
com.google.android.gms.common.stats.ConnectionEvent: android.os.Parcelable$Creator CREATOR
com.google.android.gms.drive.ChangeSequenceNumber
com.google.android.gms.drive.ChangeSequenceNumber: android.os.Parcelable$Creator CREATOR
com.google.android.gms.drive.Contents
com.google.android.gms.drive.Contents: android.os.Parcelable$Creator CREATOR
com.google.android.gms.drive.DriveId
com.google.android.gms.drive.DriveId: android.os.Parcelable$Creator CREATOR
com.google.android.gms.drive.DrivePreferences
com.google.android.gms.drive.DrivePreferences: android.os.Parcelable$Creator CREATOR
com.google.android.gms.drive.DriveSpace
com.google.android.gms.drive.DriveSpace: android.os.Parcelable$Creator CREATOR
com.google.android.gms.drive.Permission
com.google.android.gms.drive.Permission: android.os.Parcelable$Creator CREATOR
com.google.android.gms.drive.RealtimeDocumentSyncRequest
com.google.android.gms.drive.RealtimeDocumentSyncRequest: android.os.Parcelable$Creator CREATOR