proguard/mapping.txt
com.tuxmind.timelygcontacts.ui.ContactsListFragment -> com.tuxmind.timelygcontacts.ui.f:
    com.tuxmind.timelygcontacts.ui.ContactsListFragment$ContactsAdapter mAdapter -> aa
    com.tuxmind.timelygcontacts.util.ImageLoader mImageLoader -> aw
    com.tuxmind.timelygcontacts.ui.ContactsListFragment$OnContactsInteractionListener mOnContactSelectedListener -> ax
    int mPreviouslySelectedSearchItem -> ay
    int groupId -> ab
    int positionCheck -> ac
    int radioId -> ad
    int gridClick -> ae
    long positionClick -> af
    long positionClick1 -> ag
    long radioTime -> ah
    java.lang.String groupContacts -> ai
    android.widget.ListView listView -> aj
    boolean tabletSize -> ak
    android.content.SharedPreferences prefs -> al
    boolean res -> am
    android.os.Bundle bundleclick -> an
    java.lang.String phoneNumber -> ao
    java.lang.String contactID -> az
    android.app.PendingIntent pendingIntent -> ap
    android.app.PendingIntent outCallLogger -> aq
    android.app.AlarmManager alarmManager -> ar
    int numChecked -> as
    int mSelectedItem -> at
    boolean isActive -> au
    boolean maPhone -> av
    com.tuxmind.timelygcontacts.ui.ContactsListFragment newInstance(int,java.lang.String) -> a
    void onCreate(android.os.Bundle) -> d
    android.view.View onCreateView(android.view.LayoutInflater,android.view.ViewGroup,android.os.Bundle) -> a
    void onActivityCreated(android.os.Bundle) -> e
    void onAttach(android.app.Activity) -> a
com.tuxmind.timelygcontacts.ui.ContactsListFragment$1 -> com.tuxmind.timelygcontacts.ui.g:
    com.tuxmind.timelygcontacts.ui.ContactsListFragment this$0 -> a
    android.graphics.Bitmap processBitmap(java.lang.Object) -> a
com.tuxmind.timelygcontacts.ui.ContactsListFragment$2 -> com.tuxmind.timelygcontacts.ui.h:
    com.tuxmind.timelygcontacts.ui.ContactsListFragment this$0 -> a
    void onScrollStateChanged(android.widget.AbsListView,int) -> onScrollStateChanged
    void onScroll(android.widget.AbsListView,int,int,int) -> onScroll
com.tuxmind.timelygcontacts.ui.ContactsListFragment$ContactsAdapter -> com.tuxmind.timelygcontacts.ui.i:
    android.view.LayoutInflater mInflater -> c
    android.widget.AlphabetIndexer mAlphabetIndexer -> d
    com.tuxmind.timelygcontacts.ui.ContactsListFragment$ContactsAdapter$ViewHolder holder -> a
    android.graphics.drawable.Drawable selectedBackground -> e
    int selectedIndex -> f
    com.tuxmind.timelygcontacts.ui.ContactsListFragment this$0 -> b
    void setSelectedIndex(int) -> a
    android.view.View newView(android.content.Context,android.database.Cursor,android.view.ViewGroup) -> newView
    void bindView(android.view.View,android.content.Context,android.database.Cursor) -> bindView
    android.database.Cursor swapCursor(android.database.Cursor) -> swapCursor
    int getCount() -> getCount
    java.lang.Object[] getSections() -> getSections
    int getPositionForSection(int) -> getPositionForSection
    int getSectionForPosition(int) -> getSectionForPosition
com.tuxmind.timelygcontacts.ui.ContactsListFragment$ContactsAdapter$ViewHolder -> com.tuxmind.timelygcontacts.ui.j:
    android.widget.TextView text1 -> a
    android.widget.QuickContactBadge icon -> b
    com.tuxmind.timelygcontacts.ui.ContactsListFragment$ContactsAdapter this$1 -> c
com.tuxmind.timelygcontacts.ui.ContactsListFragment$ContactsQuery -> com.tuxmind.timelygcontacts.ui.k:
    android.net.Uri CONTENT_URI -> a
    android.net.Uri FILTER_URI -> b
    java.lang.String SORT_ORDER -> c
    java.lang.String[] PROJECTION -> d
com.tuxmind.timelygcontacts.ui.ContactsListFragment$OnContactsInteractionListener -> com.tuxmind.timelygcontacts.ui.l:
    void onContactSelected(android.net.Uri) -> a
    void onSelectionCleared() -> k