proguard/usage.txt
com.google.android.gms.internal.zzjl$zza
com.google.android.gms.internal.zzjl$zza$zza
com.google.android.gms.internal.zzjm
com.google.android.gms.internal.zzjn
com.google.android.gms.internal.zzjo
com.google.android.gms.internal.zzjo$zza
com.google.android.gms.internal.zzjo$zza$zza
com.google.android.gms.internal.zzjp
com.google.android.gms.internal.zzjq
com.google.android.gms.internal.zzjr
com.google.android.gms.internal.zzjs
com.google.android.gms.internal.zzjs$1
com.google.android.gms.internal.zzjs$1$1
com.google.android.gms.internal.zzjs$2
com.google.android.gms.internal.zzjs$3
com.google.android.gms.internal.zzjs$4
com.google.android.gms.internal.zzjs$zza
com.google.android.gms.internal.zzjs$zza$1
com.google.android.gms.internal.zzjs$zzb
com.google.android.gms.internal.zzjs$zzc
com.google.android.gms.internal.zzjs$zzc$1
com.google.android.gms.internal.zzjs$zzd
com.google.android.gms.internal.zzjs$zze
com.google.android.gms.internal.zzjt
com.google.android.gms.internal.zzju
com.google.android.gms.internal.zzjv
com.google.android.gms.internal.zzjw
com.google.android.gms.internal.zzjx
com.google.android.gms.internal.zzjy
com.google.android.gms.internal.zzjz
com.google.android.gms.internal.zzka
com.google.android.gms.internal.zzka$1
com.google.android.gms.internal.zzka$2
com.google.android.gms.internal.zzka$3
com.google.android.gms.internal.zzka$zza
com.google.android.gms.internal.zzka$zzb
com.google.android.gms.internal.zzka$zzb$zza
com.google.android.gms.internal.zzka$zzb$zzb
com.google.android.gms.internal.zzka$zzc
com.google.android.gms.internal.zzkb
com.google.android.gms.internal.zzkb$1
com.google.android.gms.internal.zzkc
com.google.android.gms.internal.zzkc$zza
com.google.android.gms.internal.zzkc$zza$zza
com.google.android.gms.internal.zzkd
com.google.android.gms.internal.zzkd$zza
com.google.android.gms.internal.zzkd$zza$zza
com.google.android.gms.internal.zzke
com.google.android.gms.internal.zzke$zza
com.google.android.gms.internal.zzke$zza$zza
com.google.android.gms.internal.zzkg
com.google.android.gms.internal.zzkg$1
com.google.android.gms.internal.zzkg$zza
com.google.android.gms.internal.zzkg$zza$zza
com.google.android.gms.internal.zzkg$zzb
com.google.android.gms.internal.zzki
com.google.android.gms.internal.zzki$zza
com.google.android.gms.internal.zzkj:
    public zzkj()
com.google.android.gms.internal.zzkk
com.google.android.gms.internal.zzkl
com.google.android.gms.internal.zzkl$1
com.google.android.gms.internal.zzkm
com.google.android.gms.internal.zzkn
com.google.android.gms.internal.zzkn$1
com.google.android.gms.internal.zzkn$zza
com.google.android.gms.internal.zzko
com.google.android.gms.internal.zzko$zza
com.google.android.gms.internal.zzkp
com.google.android.gms.internal.zzkq
com.google.android.gms.internal.zzkq$zza
com.google.android.gms.internal.zzkq$zza$zza
com.google.android.gms.internal.zzkr
com.google.android.gms.internal.zzkr$zza
com.google.android.gms.internal.zzkr$zza$zza
com.google.android.gms.internal.zzku:
    public zzku(int)
    public final synchronized int size()
com.google.android.gms.internal.zzkx:
    public static java.lang.Integer[] zza(int[])
com.google.android.gms.internal.zzlc
com.google.android.gms.internal.zzle
com.google.android.gms.internal.zzlg:
    public static void zza(android.os.ParcelFileDescriptor)
com.google.android.gms.internal.zzlh:
    public static boolean zzd(java.lang.Object,java.lang.Object)
com.google.android.gms.internal.zzlk:
    public static boolean zzoR()
    public static boolean zzoS()
    public static boolean zzoT()
    public static boolean zzoV()
    public static boolean zzoY()
com.google.android.gms.internal.zzlm
com.google.android.gms.internal.zzln
com.google.android.gms.internal.zzlo$1:
    protected java.lang.Boolean zze(com.google.android.gms.common.data.DataHolder,int,int)
    protected synthetic java.lang.Object zzc(com.google.android.gms.common.data.DataHolder,int,int)